<?xml version="1.0" encoding="UTF-8"?>
<testsuite xmlns:xsi="http://www.w3.org/2001/XMLSchema-instance" xsi:noNamespaceSchemaLocation="https://maven.apache.org/surefire/maven-surefire-plugin/xsd/surefire-test-report-3.0.xsd" version="3.0" name="demonblaze.feature.GadgetsTest" time="29.291" tests="10" errors="0" skipped="0" failures="0">
  <properties>
[...]
</properties>
  <testcase name="asusFullHDGetPrice" classname="demonblaze.feature.GadgetsTest" time="4.383">
    <system-out><![CDATA[El nombre del método es: asusFullHDGetPrice()
]]></system-out>
    <system-err><![CDATA[sept 02, 2024 9:51:55 P. M. org.openqa.selenium.devtools.CdpVersionFinder findNearestMatch
ADVERTENCIA: Unable to find an exact match for CDP version 128, returning the closest version; found: 127; Please update to a Selenium version that supports CDP version 128
]]></system-err>
  </testcase>
  <testcase name="s6ComparePrice" classname="demonblaze.feature.GadgetsTest" time="3.121">
    <system-out><![CDATA[$360 *includes tax
El nombre del método es: s6ComparePrice()
]]></system-out>
    <system-err><![CDATA[sept 02, 2024 9:51:59 P. M. org.openqa.selenium.devtools.CdpVersionFinder findNearestMatch
ADVERTENCIA: Unable to find an exact match for CDP version 128, returning the closest version; found: 127; Please update to a Selenium version that supports CDP version 128
]]></system-err>
  </testcase>
  <testcase name="vaioGetPrice" classname="demonblaze.feature.GadgetsTest" time="3.133">
    <system-out><![CDATA[El nombre del método es: vaioGetPrice()
]]></system-out>
    <system-err><![CDATA[sept 02, 2024 9:52:02 P. M. org.openqa.selenium.devtools.CdpVersionFinder findNearestMatch
ADVERTENCIA: Unable to find an exact match for CDP version 128, returning the closest version; found: 127; Please update to a Selenium version that supports CDP version 128
]]></system-err>
  </testcase>
  <testcase name="macBookGetPrice" classname="demonblaze.feature.GadgetsTest" time="3.291">
    <system-out><![CDATA[El nombre del método es: macBookGetPrice()
]]></system-out>
    <system-err><![CDATA[sept 02, 2024 9:52:05 P. M. org.openqa.selenium.devtools.CdpVersionFinder findNearestMatch
ADVERTENCIA: Unable to find an exact match for CDP version 128, returning the closest version; found: 127; Please update to a Selenium version that supports CDP version 128
]]></system-err>
  </testcase>
  <testcase name="asusFullHDExist" classname="demonblaze.feature.GadgetsTest" time="2.514">
    <system-out><![CDATA[El nombre del método es: asusFullHDExist()
]]></system-out>
    <system-err><![CDATA[sept 02, 2024 9:52:08 P. M. org.openqa.selenium.devtools.CdpVersionFinder findNearestMatch
ADVERTENCIA: Unable to find an exact match for CDP version 128, returning the closest version; found: 127; Please update to a Selenium version that supports CDP version 128
]]></system-err>
  </testcase>
  <testcase name="macBookExist" classname="demonblaze.feature.GadgetsTest" time="2.506">
    <system-out><![CDATA[El nombre del método es: macBookExist()
]]></system-out>
    <system-err><![CDATA[sept 02, 2024 9:52:11 P. M. org.openqa.selenium.devtools.CdpVersionFinder findNearestMatch
ADVERTENCIA: Unable to find an exact match for CDP version 128, returning the closest version; found: 127; Please update to a Selenium version that supports CDP version 128
]]></system-err>
  </testcase>
  <testcase name="s6Exist" classname="demonblaze.feature.GadgetsTest" time="2.468">
    <system-out><![CDATA[El nombre del método es: s6Exist()
]]></system-out>
    <system-err><![CDATA[sept 02, 2024 9:52:13 P. M. org.openqa.selenium.devtools.CdpVersionFinder findNearestMatch
ADVERTENCIA: Unable to find an exact match for CDP version 128, returning the closest version; found: 127; Please update to a Selenium version that supports CDP version 128
]]></system-err>
  </testcase>
  <testcase name="vaioExist" classname="demonblaze.feature.GadgetsTest" time="2.38">
    <system-out><![CDATA[El nombre del método es: vaioExist()
]]></system-out>
    <system-err><![CDATA[sept 02, 2024 9:52:16 P. M. org.openqa.selenium.devtools.CdpVersionFinder findNearestMatch
ADVERTENCIA: Unable to find an exact match for CDP version 128, returning the closest version; found: 127; Please update to a Selenium version that supports CDP version 128
]]></system-err>
  </testcase>
  <testcase name="lumiaGetPrice" classname="demonblaze.feature.GadgetsTest" time="3.132">
    <system-out><![CDATA[El nombre del método es: lumiaGetPrice()
]]></system-out>
    <system-err><![CDATA[sept 02, 2024 9:52:18 P. M. org.openqa.selenium.devtools.CdpVersionFinder findNearestMatch
ADVERTENCIA: Unable to find an exact match for CDP version 128, returning the closest version; found: 127; Please update to a Selenium version that supports CDP version 128
]]></system-err>
  </testcase>
  <testcase name="lumiaExist" classname="demonblaze.feature.GadgetsTest" time="2.324">
    <system-out><![CDATA[El nombre del método es: lumiaExist()
]]></system-out>
    <system-err><![CDATA[sept 02, 2024 9:52:21 P. M. org.openqa.selenium.devtools.CdpVersionFinder findNearestMatch
ADVERTENCIA: Unable to find an exact match for CDP version 128, returning the closest version; found: 127; Please update to a Selenium version that supports CDP version 128
]]></system-err>
  </testcase>
</testsuite>